<?xml version="1.0" encoding="UTF-8"?>
<testng-results skipped="0" failed="0" total="1" passed="1">
  <reporter-output>
  </reporter-output>
  <suite name="Default suite" duration-ms="22743" started-at="2016-11-07T16:40:54Z" finished-at="2016-11-07T16:41:17Z">
    <groups>
    </groups>
    <test name="Default test" duration-ms="22743" started-at="2016-11-07T16:40:54Z" finished-at="2016-11-07T16:41:17Z">
      <class name="test.FBErrorMessageText">
        <test-method status="PASS" signature="ErrorMeggaText()[pri:0, instance:test.FBErrorMessageText@1fa1d9b]" name="ErrorMeggaText" duration-ms="22720" started-at="2016-11-07T22:10:54Z" finished-at="2016-11-07T22:11:17Z">
          <reporter-output>
          </reporter-output>
        </test-method> <!-- ErrorMeggaText -->
      </class> <!-- test.FBErrorMessageText -->
    </test> <!-- Default test -->
  </suite> <!-- Default suite -->
</testng-results>
